[2025-04-24T11:53:27.848+0000] {local_task_job_runner.py:123} INFO - ::group::Pre task execution logs
[2025-04-24T11:53:27.870+0000] {taskinstance.py:2613} INFO - Dependencies all met for dep_context=non-requeueable deps ti=<TaskInstance: world_country_info.create_table manual__2025-04-24T11:53:13.568908+00:00 [queued]>
[2025-04-24T11:53:27.880+0000] {taskinstance.py:2613} INFO - Dependencies all met for dep_context=requeueable deps ti=<TaskInstance: world_country_info.create_table manual__2025-04-24T11:53:13.568908+00:00 [queued]>
[2025-04-24T11:53:27.881+0000] {taskinstance.py:2866} INFO - Starting attempt 1 of 2
[2025-04-24T11:53:27.896+0000] {taskinstance.py:2889} INFO - Executing <Task(PostgresOperator): create_table> on 2025-04-24 11:53:13.568908+00:00
[2025-04-24T11:53:27.904+0000] {warnings.py:112} WARNING - /home/***/.local/lib/python3.12/site-packages/***/task/task_runner/standard_task_runner.py:70: DeprecationWarning: This process (pid=1860) is multi-threaded, use of fork() may lead to deadlocks in the child.
  pid = os.fork()

[2025-04-24T11:53:27.906+0000] {standard_task_runner.py:72} INFO - Started process 1862 to run task
[2025-04-24T11:53:27.907+0000] {standard_task_runner.py:104} INFO - Running: ['***', 'tasks', 'run', 'world_country_info', 'create_table', 'manual__2025-04-24T11:53:13.568908+00:00', '--job-id', '230', '--raw', '--subdir', 'DAGS_FOLDER/country_info_dag.py', '--cfg-path', '/tmp/tmpi4dpx3cs']
[2025-04-24T11:53:27.908+0000] {standard_task_runner.py:105} INFO - Job 230: Subtask create_table
[2025-04-24T11:53:27.976+0000] {task_command.py:467} INFO - Running <TaskInstance: world_country_info.create_table manual__2025-04-24T11:53:13.568908+00:00 [running]> on host 9be04672b18d
[2025-04-24T11:53:28.117+0000] {taskinstance.py:3132} INFO - Exporting env vars: AIRFLOW_CTX_DAG_EMAIL='olalekanrasaq1331@gmail.com' AIRFLOW_CTX_DAG_OWNER='Akinkunmi' AIRFLOW_CTX_DAG_ID='world_country_info' AIRFLOW_CTX_TASK_ID='create_table' AIRFLOW_CTX_EXECUTION_DATE='2025-04-24T11:53:13.568908+00:00' AIRFLOW_CTX_TRY_NUMBER='1' AIRFLOW_CTX_DAG_RUN_ID='manual__2025-04-24T11:53:13.568908+00:00'
[2025-04-24T11:53:28.119+0000] {logging_mixin.py:190} INFO - Task instance is in running state
[2025-04-24T11:53:28.120+0000] {logging_mixin.py:190} INFO -  Previous state of the Task instance: queued
[2025-04-24T11:53:28.120+0000] {logging_mixin.py:190} INFO - Current task name:create_table state:running start_date:2025-04-24 11:53:27.871370+00:00
[2025-04-24T11:53:28.121+0000] {logging_mixin.py:190} INFO - Dag name:world_country_info and current dag run status:running
[2025-04-24T11:53:28.121+0000] {taskinstance.py:731} INFO - ::endgroup::
[2025-04-24T11:53:28.122+0000] {sql.py:278} INFO - Executing: 
    CREATE TABLE IF NOT EXISTS WorldCountries (
        id SERIAL PRIMARY KEY,
        country_name TEXT,
        independence BOOLEAN,
        UN_member BOOLEAN,
        startOfWeek TEXT,
        official_name TEXT,
        nativeName TEXT,
        currency_code TEXT,
        currency_name TEXT,
        currency_symbol TEXT,
        country_code TEXT,
        capital TEXT,
        region TEXT,
        subregion TEXT,
        language TEXT,
        no_languages INT,
        area NUMERIC(18,2),
        population BIGINT,
        continent TEXT
    );
    
[2025-04-24T11:53:28.131+0000] {base.py:84} INFO - Retrieving connection 'postgres_worldcountry'
[2025-04-24T11:53:28.140+0000] {base.py:84} INFO - Retrieving connection 'postgres_worldcountry'
[2025-04-24T11:53:28.144+0000] {sql.py:553} INFO - Running statement: 
    CREATE TABLE IF NOT EXISTS WorldCountries (
        id SERIAL PRIMARY KEY,
        country_name TEXT,
        independence BOOLEAN,
        UN_member BOOLEAN,
        startOfWeek TEXT,
        official_name TEXT,
        nativeName TEXT,
        currency_code TEXT,
        currency_name TEXT,
        currency_symbol TEXT,
        country_code TEXT,
        capital TEXT,
        region TEXT,
        subregion TEXT,
        language TEXT,
        no_languages INT,
        area NUMERIC(18,2),
        population BIGINT,
        continent TEXT
    );
    , parameters: None
[2025-04-24T11:53:28.166+0000] {taskinstance.py:340} INFO - ::group::Post task execution logs
[2025-04-24T11:53:28.167+0000] {taskinstance.py:352} INFO - Marking task as SUCCESS. dag_id=world_country_info, task_id=create_table, run_id=manual__2025-04-24T11:53:13.568908+00:00, execution_date=20250424T115313, start_date=20250424T115327, end_date=20250424T115328
[2025-04-24T11:53:28.178+0000] {logging_mixin.py:190} INFO - Task instance in success state
[2025-04-24T11:53:28.178+0000] {logging_mixin.py:190} INFO -  Previous state of the Task instance: running
[2025-04-24T11:53:28.179+0000] {logging_mixin.py:190} INFO - Dag name:world_country_info queued_at:2025-04-24 11:53:13.591329+00:00
[2025-04-24T11:53:28.180+0000] {logging_mixin.py:190} INFO - Task hostname:9be04672b18d operator:PostgresOperator
[2025-04-24T11:53:28.203+0000] {local_task_job_runner.py:266} INFO - Task exited with return code 0
[2025-04-24T11:53:28.227+0000] {taskinstance.py:3895} INFO - 1 downstream tasks scheduled from follow-on schedule check
[2025-04-24T11:53:28.230+0000] {local_task_job_runner.py:245} INFO - ::endgroup::
