[2025-04-24T11:53:17.808+0000] {local_task_job_runner.py:123} INFO - ::group::Pre task execution logs
[2025-04-24T11:53:17.839+0000] {taskinstance.py:2613} INFO - Dependencies all met for dep_context=non-requeueable deps ti=<TaskInstance: world_country_info.extract_country_data manual__2025-04-24T11:53:13.568908+00:00 [queued]>
[2025-04-24T11:53:17.857+0000] {taskinstance.py:2613} INFO - Dependencies all met for dep_context=requeueable deps ti=<TaskInstance: world_country_info.extract_country_data manual__2025-04-24T11:53:13.568908+00:00 [queued]>
[2025-04-24T11:53:17.858+0000] {taskinstance.py:2866} INFO - Starting attempt 1 of 2
[2025-04-24T11:53:17.897+0000] {taskinstance.py:2889} INFO - Executing <Task(PythonOperator): extract_country_data> on 2025-04-24 11:53:13.568908+00:00
[2025-04-24T11:53:17.911+0000] {warnings.py:112} WARNING - /home/***/.local/lib/python3.12/site-packages/***/task/task_runner/standard_task_runner.py:70: DeprecationWarning: This process (pid=1852) is multi-threaded, use of fork() may lead to deadlocks in the child.
  pid = os.fork()

[2025-04-24T11:53:17.914+0000] {standard_task_runner.py:72} INFO - Started process 1854 to run task
[2025-04-24T11:53:17.915+0000] {standard_task_runner.py:104} INFO - Running: ['***', 'tasks', 'run', 'world_country_info', 'extract_country_data', 'manual__2025-04-24T11:53:13.568908+00:00', '--job-id', '228', '--raw', '--subdir', 'DAGS_FOLDER/country_info_dag.py', '--cfg-path', '/tmp/tmp19d8za_f']
[2025-04-24T11:53:17.920+0000] {standard_task_runner.py:105} INFO - Job 228: Subtask extract_country_data
[2025-04-24T11:53:18.025+0000] {task_command.py:467} INFO - Running <TaskInstance: world_country_info.extract_country_data manual__2025-04-24T11:53:13.568908+00:00 [running]> on host 9be04672b18d
[2025-04-24T11:53:18.182+0000] {taskinstance.py:3132} INFO - Exporting env vars: AIRFLOW_CTX_DAG_EMAIL='olalekanrasaq1331@gmail.com' AIRFLOW_CTX_DAG_OWNER='Akinkunmi' AIRFLOW_CTX_DAG_ID='world_country_info' AIRFLOW_CTX_TASK_ID='extract_country_data' AIRFLOW_CTX_EXECUTION_DATE='2025-04-24T11:53:13.568908+00:00' AIRFLOW_CTX_TRY_NUMBER='1' AIRFLOW_CTX_DAG_RUN_ID='manual__2025-04-24T11:53:13.568908+00:00'
[2025-04-24T11:53:18.185+0000] {logging_mixin.py:190} INFO - Task instance is in running state
[2025-04-24T11:53:18.186+0000] {logging_mixin.py:190} INFO -  Previous state of the Task instance: queued
[2025-04-24T11:53:18.187+0000] {logging_mixin.py:190} INFO - Current task name:extract_country_data state:running start_date:2025-04-24 11:53:17.840633+00:00
[2025-04-24T11:53:18.188+0000] {logging_mixin.py:190} INFO - Dag name:world_country_info and current dag run status:running
[2025-04-24T11:53:18.188+0000] {taskinstance.py:731} INFO - ::endgroup::
[2025-04-24T11:53:22.039+0000] {python.py:240} INFO - Done. Returned value was: None
[2025-04-24T11:53:22.049+0000] {taskinstance.py:340} INFO - ::group::Post task execution logs
[2025-04-24T11:53:22.049+0000] {taskinstance.py:352} INFO - Marking task as SUCCESS. dag_id=world_country_info, task_id=extract_country_data, run_id=manual__2025-04-24T11:53:13.568908+00:00, execution_date=20250424T115313, start_date=20250424T115317, end_date=20250424T115322
[2025-04-24T11:53:22.061+0000] {logging_mixin.py:190} INFO - Task instance in success state
[2025-04-24T11:53:22.062+0000] {logging_mixin.py:190} INFO -  Previous state of the Task instance: running
[2025-04-24T11:53:22.062+0000] {logging_mixin.py:190} INFO - Dag name:world_country_info queued_at:2025-04-24 11:53:13.591329+00:00
[2025-04-24T11:53:22.063+0000] {logging_mixin.py:190} INFO - Task hostname:9be04672b18d operator:PythonOperator
[2025-04-24T11:53:22.074+0000] {local_task_job_runner.py:266} INFO - Task exited with return code 0
[2025-04-24T11:53:22.100+0000] {taskinstance.py:3895} INFO - 1 downstream tasks scheduled from follow-on schedule check
[2025-04-24T11:53:22.103+0000] {local_task_job_runner.py:245} INFO - ::endgroup::
